I0610 11:04:02.662499 140076908894016 xla_bridge.py:895] Unable to initialize backend 'rocm': module 'jaxlib.xla_extension' has no attribute 'GpuAllocatorConfig'
I0610 11:04:02.663895 140076908894016 xla_bridge.py:895] Unable to initialize backend 'tpu': INTERNAL: Failed to open libtpu.so: libtpu.so: cannot open shared object file: No such file or directory
2025-06-10 11:04:02.744361: W external/xla/xla/service/gpu/nvptx_compiler.cc:930] The NVIDIA driver's CUDA version is 12.4 which is older than the PTX compiler version 12.6.77. Because the driver is older than the PTX compiler version, XLA is disabling parallel compilation, which may slow down compilation. You should update your NVIDIA driver or use the NVIDIA-provided CUDA forward compatibility packages.
I0610 11:04:24.071074 140076908894016 pipeline.py:166] processing P0_P16332_Q03157_0, random_seed=0
I0610 11:04:24.150620 140076908894016 pipeline.py:259] Calculating bucket size for input with 1402 tokens.
I0610 11:04:24.150807 140076908894016 pipeline.py:265] Got bucket size 1536 for input with 1402 tokens, resulting in 134 padded tokens.
I0610 11:11:45.112795 140076908894016 pipeline.py:166] processing P0_P16332_Q80Y56_0, random_seed=0
I0610 11:11:45.213674 140076908894016 pipeline.py:259] Calculating bucket size for input with 1531 tokens.
I0610 11:11:45.213861 140076908894016 pipeline.py:265] Got bucket size 1536 for input with 1531 tokens, resulting in 5 padded tokens.
I0610 11:19:16.037837 140076908894016 pipeline.py:166] processing P0_P16332_Q9CQ71_0, random_seed=0
I0610 11:19:16.099613 140076908894016 pipeline.py:259] Calculating bucket size for input with 869 tokens.
I0610 11:19:16.099695 140076908894016 pipeline.py:265] Got bucket size 1024 for input with 869 tokens, resulting in 155 padded tokens.
I0610 11:22:47.293068 140076908894016 pipeline.py:166] processing P0_P16332_Q9JM05_0, random_seed=0
I0610 11:22:47.450456 140076908894016 pipeline.py:259] Calculating bucket size for input with 1255 tokens.
I0610 11:22:47.450690 140076908894016 pipeline.py:265] Got bucket size 1280 for input with 1255 tokens, resulting in 25 padded tokens.
I0610 11:28:29.424329 140076908894016 pipeline.py:166] processing P0_P17433_Q03157_0, random_seed=0
I0610 11:28:29.490932 140076908894016 pipeline.py:259] Calculating bucket size for input with 926 tokens.
I0610 11:28:29.491019 140076908894016 pipeline.py:265] Got bucket size 1024 for input with 926 tokens, resulting in 98 padded tokens.
I0610 11:31:24.305789 140076908894016 pipeline.py:166] processing P0_P18653_P59114_0, random_seed=0
I0610 11:31:24.423400 140076908894016 pipeline.py:259] Calculating bucket size for input with 1430 tokens.
I0610 11:31:24.423566 140076908894016 pipeline.py:265] Got bucket size 1536 for input with 1430 tokens, resulting in 106 padded tokens.
I0610 11:38:19.478247 140076908894016 pipeline.py:166] processing P0_P18653_Q0VEE6_0, random_seed=0
I0610 11:38:19.572462 140076908894016 pipeline.py:259] Calculating bucket size for input with 1386 tokens.
I0610 11:38:19.572562 140076908894016 pipeline.py:265] Got bucket size 1536 for input with 1386 tokens, resulting in 150 padded tokens.
I0610 11:45:02.904541 140076908894016 pipeline.py:166] processing P0_P18653_Q58NB6_0, random_seed=0
I0610 11:45:02.980587 140076908894016 pipeline.py:259] Calculating bucket size for input with 1043 tokens.
I0610 11:45:02.980697 140076908894016 pipeline.py:265] Got bucket size 1280 for input with 1043 tokens, resulting in 237 padded tokens.

Running AlphaFold 3. Please note that standard AlphaFold 3 model parameters are
only available under terms of use provided at
https://github.com/google-deepmind/alphafold3/blob/main/WEIGHTS_TERMS_OF_USE.md.
If you do not agree to these terms and are using AlphaFold 3 derived model
parameters, cancel execution of AlphaFold 3 inference with CTRL-C, and do not
use the model parameters.

Found local devices: [CudaDevice(id=0)], using device 0: cuda:0
Building model from scratch...
Checking that model parameters can be loaded...

Running fold job P0_P16332_Q03157_0...
Output will be written in outputs/p0_p16332_q03157_0
Skipping data pipeline...
Writing model input JSON to outputs/p0_p16332_q03157_0/p0_p16332_q03157_0_data.json
Predicting 3D structure for P0_P16332_Q03157_0 with 1 seed(s)...
Featurising data with 1 seed(s)...
Featurising data with seed 0.
Featurising data with seed 0 took 37.03 seconds.
Featurising data with 1 seed(s) took 47.30 seconds.
Running model inference and extracting output structure samples with 1 seed(s)...
Running model inference with seed 0...
Running model inference with seed 0 took 205.15 seconds.
Extracting inference results with seed 0...
Extracting 5 inference samples with seed 0 took 3.26 seconds.
Running model inference and extracting output structures with 1 seed(s) took 208.41 seconds.
Writing outputs with 1 seed(s)...
Fold job P0_P16332_Q03157_0 done, output written to outputs/p0_p16332_q03157_0


Running fold job P0_P16332_Q80Y56_0...
Output will be written in outputs/p0_p16332_q80y56_0
Skipping data pipeline...
Writing model input JSON to outputs/p0_p16332_q80y56_0/p0_p16332_q80y56_0_data.json
Predicting 3D structure for P0_P16332_Q80Y56_0 with 1 seed(s)...
Featurising data with 1 seed(s)...
Featurising data with seed 0.
Featurising data with seed 0 took 43.43 seconds.
Featurising data with 1 seed(s) took 43.43 seconds.
Running model inference and extracting output structure samples with 1 seed(s)...
Running model inference with seed 0...
Running model inference with seed 0 took 174.32 seconds.
Extracting inference results with seed 0...
Extracting 5 inference samples with seed 0 took 3.89 seconds.
Running model inference and extracting output structures with 1 seed(s) took 178.21 seconds.
Writing outputs with 1 seed(s)...
Fold job P0_P16332_Q80Y56_0 done, output written to outputs/p0_p16332_q80y56_0


Running fold job P0_P16332_Q9CQ71_0...
Output will be written in outputs/p0_p16332_q9cq71_0
Skipping data pipeline...
Writing model input JSON to outputs/p0_p16332_q9cq71_0/p0_p16332_q9cq71_0_data.json
Predicting 3D structure for P0_P16332_Q9CQ71_0 with 1 seed(s)...
Featurising data with 1 seed(s)...
Featurising data with seed 0.
Featurising data with seed 0 took 28.61 seconds.
Featurising data with 1 seed(s) took 28.61 seconds.
Running model inference and extracting output structure samples with 1 seed(s)...
Running model inference with seed 0...
Running model inference with seed 0 took 105.98 seconds.
Extracting inference results with seed 0...
Extracting 5 inference samples with seed 0 took 2.01 seconds.
Running model inference and extracting output structures with 1 seed(s) took 107.99 seconds.
Writing outputs with 1 seed(s)...
Fold job P0_P16332_Q9CQ71_0 done, output written to outputs/p0_p16332_q9cq71_0


Running fold job P0_P16332_Q9JM05_0...
Output will be written in outputs/p0_p16332_q9jm05_0
Skipping data pipeline...
Writing model input JSON to outputs/p0_p16332_q9jm05_0/p0_p16332_q9jm05_0_data.json
Predicting 3D structure for P0_P16332_Q9JM05_0 with 1 seed(s)...
Featurising data with 1 seed(s)...
Featurising data with seed 0.
Featurising data with seed 0 took 35.32 seconds.
Featurising data with 1 seed(s) took 35.32 seconds.
Running model inference and extracting output structure samples with 1 seed(s)...
Running model inference with seed 0...
Running model inference with seed 0 took 151.96 seconds.
Extracting inference results with seed 0...
Extracting 5 inference samples with seed 0 took 2.70 seconds.
Running model inference and extracting output structures with 1 seed(s) took 154.66 seconds.
Writing outputs with 1 seed(s)...
Fold job P0_P16332_Q9JM05_0 done, output written to outputs/p0_p16332_q9jm05_0


Running fold job P0_P17433_Q03157_0...
Output will be written in outputs/p0_p17433_q03157_0
Skipping data pipeline...
Writing model input JSON to outputs/p0_p17433_q03157_0/p0_p17433_q03157_0_data.json
Predicting 3D structure for P0_P17433_Q03157_0 with 1 seed(s)...
Featurising data with 1 seed(s)...
Featurising data with seed 0.
Featurising data with seed 0 took 13.96 seconds.
Featurising data with 1 seed(s) took 13.97 seconds.
Running model inference and extracting output structure samples with 1 seed(s)...
Running model inference with seed 0...
Running model inference with seed 0 took 74.87 seconds.
Extracting inference results with seed 0...
Extracting 5 inference samples with seed 0 took 1.63 seconds.
Running model inference and extracting output structures with 1 seed(s) took 76.51 seconds.
Writing outputs with 1 seed(s)...
Fold job P0_P17433_Q03157_0 done, output written to outputs/p0_p17433_q03157_0


Running fold job P0_P18653_P59114_0...
Output will be written in outputs/p0_p18653_p59114_0
Skipping data pipeline...
Writing model input JSON to outputs/p0_p18653_p59114_0/p0_p18653_p59114_0_data.json
Predicting 3D structure for P0_P18653_P59114_0 with 1 seed(s)...
Featurising data with 1 seed(s)...
Featurising data with seed 0.
Featurising data with seed 0 took 41.58 seconds.
Featurising data with 1 seed(s) took 41.59 seconds.
Running model inference and extracting output structure samples with 1 seed(s)...
Running model inference with seed 0...
Running model inference with seed 0 took 174.16 seconds.
Extracting inference results with seed 0...
Extracting 5 inference samples with seed 0 took 3.25 seconds.
Running model inference and extracting output structures with 1 seed(s) took 177.42 seconds.
Writing outputs with 1 seed(s)...
Fold job P0_P18653_P59114_0 done, output written to outputs/p0_p18653_p59114_0


Running fold job P0_P18653_Q0VEE6_0...
Output will be written in outputs/p0_p18653_q0vee6_0
Skipping data pipeline...
Writing model input JSON to outputs/p0_p18653_q0vee6_0/p0_p18653_q0vee6_0_data.json
Predicting 3D structure for P0_P18653_Q0VEE6_0 with 1 seed(s)...
Featurising data with 1 seed(s)...
Featurising data with seed 0.
Featurising data with seed 0 took 39.48 seconds.
Featurising data with 1 seed(s) took 39.48 seconds.
Running model inference and extracting output structure samples with 1 seed(s)...
Running model inference with seed 0...
Running model inference with seed 0 took 173.66 seconds.
Extracting inference results with seed 0...
Extracting 5 inference samples with seed 0 took 3.41 seconds.
Running model inference and extracting output structures with 1 seed(s) took 177.07 seconds.
Writing outputs with 1 seed(s)...
Fold job P0_P18653_Q0VEE6_0 done, output written to outputs/p0_p18653_q0vee6_0


Running fold job P0_P18653_Q58NB6_0...
Output will be written in outputs/p0_p18653_q58nb6_0
Skipping data pipeline...
Writing model input JSON to outputs/p0_p18653_q58nb6_0/p0_p18653_q58nb6_0_data.json
Predicting 3D structure for P0_P18653_Q58NB6_0 with 1 seed(s)...
Featurising data with 1 seed(s)...
Featurising data with seed 0.
Featurising data with seed 0 took 34.63 seconds.
Featurising data with 1 seed(s) took 34.63 seconds.
Running model inference and extracting output structure samples with 1 seed(s)...
Running model inference with seed 0...
Running model inference with seed 0 took 119.75 seconds.
Extracting inference results with seed 0...
Extracting 5 inference samples with seed 0 took 1.94 seconds.
Running model inference and extracting output structures with 1 seed(s) took 121.69 seconds.
Writing outputs with 1 seed(s)...
Fold job P0_P18653_Q58NB6_0 done, output written to outputs/p0_p18653_q58nb6_0


Running fold job P0_P18653_Q8BXQ2_0...
Output will be written in outputs/p0_p18653_q8bxq2_0
Skipping data pipeline...
Writing model input JSON to outputs/p0_p18653_q8bxq2_0/p0_p18653_q8bxq2_0_data.json
Predicting 3D structure for P0_P18653_Q8BXQ2_0 with 1 seed(s)...I0610 11:49:25.447771 140076908894016 pipeline.py:166] processing P0_P18653_Q8BXQ2_0, random_seed=0
I0610 11:49:25.541937 140076908894016 pipeline.py:259] Calculating bucket size for input with 1306 tokens.
I0610 11:49:25.542020 140076908894016 pipeline.py:265] Got bucket size 1536 for input with 1306 tokens, resulting in 230 padded tokens.
I0610 11:55:47.185066 140076908894016 pipeline.py:166] processing P0_P18653_Q8VDS8_0, random_seed=0
I0610 11:55:47.259833 140076908894016 pipeline.py:259] Calculating bucket size for input with 1058 tokens.
I0610 11:55:47.259913 140076908894016 pipeline.py:265] Got bucket size 1280 for input with 1058 tokens, resulting in 222 padded tokens.
I0610 12:00:12.130783 140076908894016 pipeline.py:166] processing P0_P18653_Q9JLJ5_0, random_seed=0
I0610 12:00:12.201990 140076908894016 pipeline.py:259] Calculating bucket size for input with 1003 tokens.
I0610 12:00:12.202086 140076908894016 pipeline.py:265] Got bucket size 1024 for input with 1003 tokens, resulting in 21 padded tokens.
I0610 12:03:40.212478 140076908894016 pipeline.py:166] processing P0_P19783_Q2KN98_0, random_seed=0
I0610 12:03:40.303785 140076908894016 pipeline.py:259] Calculating bucket size for input with 1287 tokens.
I0610 12:03:40.303881 140076908894016 pipeline.py:265] Got bucket size 1536 for input with 1287 tokens, resulting in 249 padded tokens.
I0610 12:09:44.209978 140076908894016 pipeline.py:166] processing P0_P19783_Q8K2Q9_0, random_seed=0
I0610 12:09:44.269455 140076908894016 pipeline.py:259] Calculating bucket size for input with 800 tokens.
I0610 12:09:44.269545 140076908894016 pipeline.py:265] Got bucket size 1024 for input with 800 tokens, resulting in 224 padded tokens.
I0610 12:12:14.156669 140076908894016 pipeline.py:166] processing P0_P27512_P39429_1, random_seed=0
I0610 12:12:14.214340 140076908894016 pipeline.py:259] Calculating bucket size for input with 790 tokens.
I0610 12:12:14.214415 140076908894016 pipeline.py:265] Got bucket size 1024 for input with 790 tokens, resulting in 234 padded tokens.
I0610 12:14:47.580602 140076908894016 pipeline.py:166] processing P0_P27512_Q60803_1, random_seed=0
I0610 12:14:47.642065 140076908894016 pipeline.py:259] Calculating bucket size for input with 856 tokens.
I0610 12:14:47.642142 140076908894016 pipeline.py:265] Got bucket size 1024 for input with 856 tokens, resulting in 168 padded tokens.
I0610 12:17:34.564035 140076908894016 pipeline.py:166] processing P0_P27612_P50396_0, random_seed=0
I0610 12:17:34.648713 140076908894016 pipeline.py:259] Calculating bucket size for input with 1241 tokens.
I0610 12:17:34.648792 140076908894016 pipeline.py:265] Got bucket size 1280 for input with 1241 tokens, resulting in 39 padded tokens.
I0610 12:22:28.675293 140076908894016 pipeline.py:166] processing P0_P27612_P55258_0, random_seed=0
I0610 12:22:28.751868 140076908894016 pipeline.py:259] Calculating bucket size for input with 1001 tokens.
I0610 12:22:28.752029 140076908894016 pipeline.py:265] Got bucket size 1024 for input with 1001 tokens, resulting in 23 padded tokens.

Featurising data with 1 seed(s)...
Featurising data with seed 0.
Featurising data with seed 0 took 36.59 seconds.
Featurising data with 1 seed(s) took 36.60 seconds.
Running model inference and extracting output structure samples with 1 seed(s)...
Running model inference with seed 0...
Running model inference with seed 0 took 173.69 seconds.
Extracting inference results with seed 0...
Extracting 5 inference samples with seed 0 took 2.96 seconds.
Running model inference and extracting output structures with 1 seed(s) took 176.65 seconds.
Writing outputs with 1 seed(s)...
Fold job P0_P18653_Q8BXQ2_0 done, output written to outputs/p0_p18653_q8bxq2_0


Running fold job P0_P18653_Q8VDS8_0...
Output will be written in outputs/p0_p18653_q8vds8_0
Skipping data pipeline...
Writing model input JSON to outputs/p0_p18653_q8vds8_0/p0_p18653_q8vds8_0_data.json
Predicting 3D structure for P0_P18653_Q8VDS8_0 with 1 seed(s)...
Featurising data with 1 seed(s)...
Featurising data with seed 0.
Featurising data with seed 0 took 33.23 seconds.
Featurising data with 1 seed(s) took 33.23 seconds.
Running model inference and extracting output structure samples with 1 seed(s)...
Running model inference with seed 0...
Running model inference with seed 0 took 119.97 seconds.
Extracting inference results with seed 0...
Extracting 5 inference samples with seed 0 took 2.12 seconds.
Running model inference and extracting output structures with 1 seed(s) took 122.10 seconds.
Writing outputs with 1 seed(s)...
Fold job P0_P18653_Q8VDS8_0 done, output written to outputs/p0_p18653_q8vds8_0


Running fold job P0_P18653_Q9JLJ5_0...
Output will be written in outputs/p0_p18653_q9jlj5_0
Skipping data pipeline...
Writing model input JSON to outputs/p0_p18653_q9jlj5_0/p0_p18653_q9jlj5_0_data.json
Predicting 3D structure for P0_P18653_Q9JLJ5_0 with 1 seed(s)...
Featurising data with 1 seed(s)...
Featurising data with seed 0.
Featurising data with seed 0 took 33.61 seconds.
Featurising data with 1 seed(s) took 33.61 seconds.
Running model inference and extracting output structure samples with 1 seed(s)...
Running model inference with seed 0...
Running model inference with seed 0 took 75.12 seconds.
Extracting inference results with seed 0...
Extracting 5 inference samples with seed 0 took 2.23 seconds.
Running model inference and extracting output structures with 1 seed(s) took 77.35 seconds.
Writing outputs with 1 seed(s)...
Fold job P0_P18653_Q9JLJ5_0 done, output written to outputs/p0_p18653_q9jlj5_0


Running fold job P0_P19783_Q2KN98_0...
Output will be written in outputs/p0_p19783_q2kn98_0
Skipping data pipeline...
Writing model input JSON to outputs/p0_p19783_q2kn98_0/p0_p19783_q2kn98_0_data.json
Predicting 3D structure for P0_P19783_Q2KN98_0 with 1 seed(s)...
Featurising data with 1 seed(s)...
Featurising data with seed 0.
Featurising data with seed 0 took 25.33 seconds.
Featurising data with 1 seed(s) took 25.33 seconds.
Running model inference and extracting output structure samples with 1 seed(s)...
Running model inference with seed 0...
Running model inference with seed 0 took 173.62 seconds.
Extracting inference results with seed 0...
Extracting 5 inference samples with seed 0 took 3.55 seconds.
Running model inference and extracting output structures with 1 seed(s) took 177.16 seconds.
Writing outputs with 1 seed(s)...
Fold job P0_P19783_Q2KN98_0 done, output written to outputs/p0_p19783_q2kn98_0


Running fold job P0_P19783_Q8K2Q9_0...
Output will be written in outputs/p0_p19783_q8k2q9_0
Skipping data pipeline...
Writing model input JSON to outputs/p0_p19783_q8k2q9_0/p0_p19783_q8k2q9_0_data.json
Predicting 3D structure for P0_P19783_Q8K2Q9_0 with 1 seed(s)...
Featurising data with 1 seed(s)...
Featurising data with seed 0.
Featurising data with seed 0 took 10.88 seconds.
Featurising data with 1 seed(s) took 10.88 seconds.
Running model inference and extracting output structure samples with 1 seed(s)...
Running model inference with seed 0...
Running model inference with seed 0 took 74.63 seconds.
Extracting inference results with seed 0...
Extracting 5 inference samples with seed 0 took 1.47 seconds.
Running model inference and extracting output structures with 1 seed(s) took 76.10 seconds.
Writing outputs with 1 seed(s)...
Fold job P0_P19783_Q8K2Q9_0 done, output written to outputs/p0_p19783_q8k2q9_0


Running fold job P0_P27512_P39429_1...
Output will be written in outputs/p0_p27512_p39429_1
Skipping data pipeline...
Writing model input JSON to outputs/p0_p27512_p39429_1/p0_p27512_p39429_1_data.json
Predicting 3D structure for P0_P27512_P39429_1 with 1 seed(s)...
Featurising data with 1 seed(s)...
Featurising data with seed 0.
Featurising data with seed 0 took 16.29 seconds.
Featurising data with 1 seed(s) took 16.30 seconds.
Running model inference and extracting output structure samples with 1 seed(s)...
Running model inference with seed 0...
Running model inference with seed 0 took 74.74 seconds.
Extracting inference results with seed 0...
Extracting 5 inference samples with seed 0 took 1.37 seconds.
Running model inference and extracting output structures with 1 seed(s) took 76.11 seconds.
Writing outputs with 1 seed(s)...
Fold job P0_P27512_P39429_1 done, output written to outputs/p0_p27512_p39429_1


Running fold job P0_P27512_Q60803_1...
Output will be written in outputs/p0_p27512_q60803_1
Skipping data pipeline...
Writing model input JSON to outputs/p0_p27512_q60803_1/p0_p27512_q60803_1_data.json
Predicting 3D structure for P0_P27512_Q60803_1 with 1 seed(s)...
Featurising data with 1 seed(s)...
Featurising data with seed 0.
Featurising data with seed 0 took 17.27 seconds.
Featurising data with 1 seed(s) took 17.27 seconds.
Running model inference and extracting output structure samples with 1 seed(s)...
Running model inference with seed 0...
Running model inference with seed 0 took 74.91 seconds.
Extracting inference results with seed 0...
Extracting 5 inference samples with seed 0 took 1.53 seconds.
Running model inference and extracting output structures with 1 seed(s) took 76.44 seconds.
Writing outputs with 1 seed(s)...
Fold job P0_P27512_Q60803_1 done, output written to outputs/p0_p27512_q60803_1


Running fold job P0_P27612_P50396_0...
Output will be written in outputs/p0_p27612_p50396_0
Skipping data pipeline...
Writing model input JSON to outputs/p0_p27612_p50396_0/p0_p27612_p50396_0_data.json
Predicting 3D structure for P0_P27612_P50396_0 with 1 seed(s)...
Featurising data with 1 seed(s)...
Featurising data with seed 0.
Featurising data with seed 0 took 23.34 seconds.
Featurising data with 1 seed(s) took 23.34 seconds.
Running model inference and extracting output structure samples with 1 seed(s)...
Running model inference with seed 0...
Running model inference with seed 0 took 120.80 seconds.
Extracting inference results with seed 0...
Extracting 5 inference samples with seed 0 took 2.50 seconds.
Running model inference and extracting output structures with 1 seed(s) took 123.30 seconds.
Writing outputs with 1 seed(s)...
Fold job P0_P27612_P50396_0 done, output written to outputs/p0_p27612_p50396_0


Running fold job P0_P27612_P55258_0...
Output will be written in outputs/p0_p27612_p55258_0
Skipping data pipeline...
Writing model input JSON to outputs/p0_p27612_p55258_0/p0_p27612_p55258_0_data.json
Predicting 3D structure for P0_P27612_P55258_0 with 1 seed(s)...
Featurising data with 1 seed(s)...
Featurising data with seed 0.
Featurising data with seed 0 took 19.09 seconds.
Featurising data with 1 seed(s) took 19.10 seconds.
Running model inference and extracting output structure samples with 1 seed(s)...
Running model inference with seed 0...
Running model inference with seed 0 took 74.75 seconds.
Extracting inference results with seed 0...
Extracting 5 inference samples with seed 0 took 2.21 seconds.
Running model inference and extracting output structures with 1 seed(s) took 76.95 seconds.
Writing outputs with 1 seed(s)...
Fold job P0_P27612_P55258_0 done, output written to outputs/p0_p27612_p55258_0


Running fold job P0_P27612_Q9D2Y9_0...
Output will be written in outputs/p0_p27612_q9d2y9_0
Skipping data pipeline...
Writing model input JSON to outputs/p0_p27612_q9d2y9_0/p0_p27612_q9d2y9_0_data.jsonI0610 12:25:41.875806 140076908894016 pipeline.py:166] processing P0_P27612_Q9D2Y9_0, random_seed=0
I0610 12:25:41.953960 140076908894016 pipeline.py:259] Calculating bucket size for input with 1075 tokens.
I0610 12:25:41.954073 140076908894016 pipeline.py:265] Got bucket size 1280 for input with 1075 tokens, resulting in 205 padded tokens.
I0610 12:29:55.703987 140076908894016 pipeline.py:166] processing P0_P27870_Q60631_1, random_seed=0
I0610 12:29:55.777486 140076908894016 pipeline.py:259] Calculating bucket size for input with 1062 tokens.
I0610 12:29:55.777572 140076908894016 pipeline.py:265] Got bucket size 1280 for input with 1062 tokens, resulting in 218 padded tokens.
I0610 12:34:16.069621 140076908894016 pipeline.py:166] processing P0_P28574_P50396_0, random_seed=0
I0610 12:34:16.119068 140076908894016 pipeline.py:259] Calculating bucket size for input with 607 tokens.
I0610 12:34:16.119152 140076908894016 pipeline.py:265] Got bucket size 768 for input with 607 tokens, resulting in 161 padded tokens.
I0610 12:36:23.040796 140076908894016 pipeline.py:166] processing P0_P28574_P55258_0, random_seed=0
I0610 12:36:23.076902 140076908894016 pipeline.py:259] Calculating bucket size for input with 367 tokens.
I0610 12:36:23.076995 140076908894016 pipeline.py:265] Got bucket size 512 for input with 367 tokens, resulting in 145 padded tokens.
I0610 12:37:40.296881 140076908894016 pipeline.py:166] processing P0_P28574_Q03157_0, random_seed=0
I0610 12:37:40.355354 140076908894016 pipeline.py:259] Calculating bucket size for input with 814 tokens.
I0610 12:37:40.355450 140076908894016 pipeline.py:265] Got bucket size 1024 for input with 814 tokens, resulting in 210 padded tokens.
I0610 12:40:12.516326 140076908894016 pipeline.py:166] processing P0_P28574_Q3TLI0_0, random_seed=0
I0610 12:40:12.608307 140076908894016 pipeline.py:259] Calculating bucket size for input with 1418 tokens.
I0610 12:40:12.608392 140076908894016 pipeline.py:265] Got bucket size 1536 for input with 1418 tokens, resulting in 118 padded tokens.
I0610 12:46:46.588376 140076908894016 pipeline.py:166] processing P0_P28574_Q80Y56_0, random_seed=0
I0610 12:46:46.655645 140076908894016 pipeline.py:259] Calculating bucket size for input with 943 tokens.
I0610 12:46:46.655767 140076908894016 pipeline.py:265] Got bucket size 1024 for input with 943 tokens, resulting in 81 padded tokens.
I0610 12:49:48.245647 140076908894016 pipeline.py:166] processing P0_P28574_Q8BKC8_0, random_seed=0
I0610 12:49:48.312958 140076908894016 pipeline.py:259] Calculating bucket size for input with 976 tokens.
I0610 12:49:48.313041 140076908894016 pipeline.py:265] Got bucket size 1024 for input with 976 tokens, resulting in 48 padded tokens.
I0610 12:52:56.408835 140076908894016 pipeline.py:166] processing P0_P28574_Q9D2Y9_0, random_seed=0
I0610 12:52:56.447506 140076908894016 pipeline.py:259] Calculating bucket size for input with 441 tokens.
I0610 12:52:56.447582 140076908894016 pipeline.py:265] Got bucket size 512 for input with 441 tokens, resulting in 71 padded tokens.

Predicting 3D structure for P0_P27612_Q9D2Y9_0 with 1 seed(s)...
Featurising data with 1 seed(s)...
Featurising data with seed 0.
Featurising data with seed 0 took 20.19 seconds.
Featurising data with 1 seed(s) took 20.19 seconds.
Running model inference and extracting output structure samples with 1 seed(s)...
Running model inference with seed 0...
Running model inference with seed 0 took 120.13 seconds.
Extracting inference results with seed 0...
Extracting 5 inference samples with seed 0 took 2.10 seconds.
Running model inference and extracting output structures with 1 seed(s) took 122.23 seconds.
Writing outputs with 1 seed(s)...
Fold job P0_P27612_Q9D2Y9_0 done, output written to outputs/p0_p27612_q9d2y9_0


Running fold job P0_P27870_Q60631_1...
Output will be written in outputs/p0_p27870_q60631_1
Skipping data pipeline...
Writing model input JSON to outputs/p0_p27870_q60631_1/p0_p27870_q60631_1_data.json
Predicting 3D structure for P0_P27870_Q60631_1 with 1 seed(s)...
Featurising data with 1 seed(s)...
Featurising data with seed 0.
Featurising data with seed 0 took 30.61 seconds.
Featurising data with 1 seed(s) took 30.62 seconds.
Running model inference and extracting output structure samples with 1 seed(s)...
Running model inference with seed 0...
Running model inference with seed 0 took 119.82 seconds.
Extracting inference results with seed 0...
Extracting 5 inference samples with seed 0 took 2.11 seconds.
Running model inference and extracting output structures with 1 seed(s) took 121.92 seconds.
Writing outputs with 1 seed(s)...
Fold job P0_P27870_Q60631_1 done, output written to outputs/p0_p27870_q60631_1


Running fold job P0_P28574_P50396_0...
Output will be written in outputs/p0_p28574_p50396_0
Skipping data pipeline...
Writing model input JSON to outputs/p0_p28574_p50396_0/p0_p28574_p50396_0_data.json
Predicting 3D structure for P0_P28574_P50396_0 with 1 seed(s)...
Featurising data with 1 seed(s)...
Featurising data with seed 0.
Featurising data with seed 0 took 12.51 seconds.
Featurising data with 1 seed(s) took 12.52 seconds.
Running model inference and extracting output structure samples with 1 seed(s)...
Running model inference with seed 0...
Running model inference with seed 0 took 76.57 seconds.
Extracting inference results with seed 0...
Extracting 5 inference samples with seed 0 took 1.07 seconds.
Running model inference and extracting output structures with 1 seed(s) took 77.64 seconds.
Writing outputs with 1 seed(s)...
Fold job P0_P28574_P50396_0 done, output written to outputs/p0_p28574_p50396_0


Running fold job P0_P28574_P55258_0...
Output will be written in outputs/p0_p28574_p55258_0
Skipping data pipeline...
Writing model input JSON to outputs/p0_p28574_p55258_0/p0_p28574_p55258_0_data.json
Predicting 3D structure for P0_P28574_P55258_0 with 1 seed(s)...
Featurising data with 1 seed(s)...
Featurising data with seed 0.
Featurising data with seed 0 took 8.99 seconds.
Featurising data with 1 seed(s) took 8.99 seconds.
Running model inference and extracting output structure samples with 1 seed(s)...
Running model inference with seed 0...
Running model inference with seed 0 took 53.70 seconds.
Extracting inference results with seed 0...
Extracting 5 inference samples with seed 0 took 0.65 seconds.
Running model inference and extracting output structures with 1 seed(s) took 54.34 seconds.
Writing outputs with 1 seed(s)...
Fold job P0_P28574_P55258_0 done, output written to outputs/p0_p28574_p55258_0


Running fold job P0_P28574_Q03157_0...
Output will be written in outputs/p0_p28574_q03157_0
Skipping data pipeline...
Writing model input JSON to outputs/p0_p28574_q03157_0/p0_p28574_q03157_0_data.json
Predicting 3D structure for P0_P28574_Q03157_0 with 1 seed(s)...
Featurising data with 1 seed(s)...
Featurising data with seed 0.
Featurising data with seed 0 took 12.60 seconds.
Featurising data with 1 seed(s) took 12.60 seconds.
Running model inference and extracting output structure samples with 1 seed(s)...
Running model inference with seed 0...
Running model inference with seed 0 took 74.75 seconds.
Extracting inference results with seed 0...
Extracting 5 inference samples with seed 0 took 1.39 seconds.
Running model inference and extracting output structures with 1 seed(s) took 76.14 seconds.
Writing outputs with 1 seed(s)...
Fold job P0_P28574_Q03157_0 done, output written to outputs/p0_p28574_q03157_0


Running fold job P0_P28574_Q3TLI0_0...
Output will be written in outputs/p0_p28574_q3tli0_0
Skipping data pipeline...
Writing model input JSON to outputs/p0_p28574_q3tli0_0/p0_p28574_q3tli0_0_data.json
Predicting 3D structure for P0_P28574_Q3TLI0_0 with 1 seed(s)...
Featurising data with 1 seed(s)...
Featurising data with seed 0.
Featurising data with seed 0 took 19.78 seconds.
Featurising data with 1 seed(s) took 19.79 seconds.
Running model inference and extracting output structure samples with 1 seed(s)...
Running model inference with seed 0...
Running model inference with seed 0 took 173.65 seconds.
Extracting inference results with seed 0...
Extracting 5 inference samples with seed 0 took 3.72 seconds.
Running model inference and extracting output structures with 1 seed(s) took 177.36 seconds.
Writing outputs with 1 seed(s)...
Fold job P0_P28574_Q3TLI0_0 done, output written to outputs/p0_p28574_q3tli0_0


Running fold job P0_P28574_Q80Y56_0...
Output will be written in outputs/p0_p28574_q80y56_0
Skipping data pipeline...
Writing model input JSON to outputs/p0_p28574_q80y56_0/p0_p28574_q80y56_0_data.json
Predicting 3D structure for P0_P28574_Q80Y56_0 with 1 seed(s)...
Featurising data with 1 seed(s)...
Featurising data with seed 0.
Featurising data with seed 0 took 18.91 seconds.
Featurising data with 1 seed(s) took 18.91 seconds.
Running model inference and extracting output structure samples with 1 seed(s)...
Running model inference with seed 0...
Running model inference with seed 0 took 74.48 seconds.
Extracting inference results with seed 0...
Extracting 5 inference samples with seed 0 took 1.79 seconds.
Running model inference and extracting output structures with 1 seed(s) took 76.27 seconds.
Writing outputs with 1 seed(s)...
Fold job P0_P28574_Q80Y56_0 done, output written to outputs/p0_p28574_q80y56_0


Running fold job P0_P28574_Q8BKC8_0...
Output will be written in outputs/p0_p28574_q8bkc8_0
Skipping data pipeline...
Writing model input JSON to outputs/p0_p28574_q8bkc8_0/p0_p28574_q8bkc8_0_data.json
Predicting 3D structure for P0_P28574_Q8BKC8_0 with 1 seed(s)...
Featurising data with 1 seed(s)...
Featurising data with seed 0.
Featurising data with seed 0 took 19.12 seconds.
Featurising data with 1 seed(s) took 19.12 seconds.
Running model inference and extracting output structure samples with 1 seed(s)...
Running model inference with seed 0...
Running model inference with seed 0 took 74.85 seconds.
Extracting inference results with seed 0...
Extracting 5 inference samples with seed 0 took 1.79 seconds.
Running model inference and extracting output structures with 1 seed(s) took 76.64 seconds.
Writing outputs with 1 seed(s)...
Fold job P0_P28574_Q8BKC8_0 done, output written to outputs/p0_p28574_q8bkc8_0


Running fold job P0_P28574_Q9D2Y9_0...
Output will be written in outputs/p0_p28574_q9d2y9_0
Skipping data pipeline...
Writing model input JSON to outputs/p0_p28574_q9d2y9_0/p0_p28574_q9d2y9_0_data.json
Predicting 3D structure for P0_P28574_Q9D2Y9_0 with 1 seed(s)...
Featurising data with 1 seed(s)...
Featurising data with seed 0.
Featurising data with seed 0 took 8.80 seconds.
Featurising data with 1 seed(s) took 8.80 seconds.
Running model inference and extracting output structure samples with 1 seed(s)...
Running model inference with seed 0...
Running model inference with seed 0 took 23.09 seconds.
Extracting inference results with seed 0...
Extracting 5 inference samples with seed 0 took 0.80 seconds.
Running model inference and extracting output structures with 1 seed(s) took 23.89 seconds.
Writing outputs with 1 seed(s)...
Fold job P0_P28574_Q9D2Y9_0 done, output written to outputs/p0_p28574_q9d2y9_0


Running fold job P0_P29351_Q03157_0...
Output will be written in outputs/p0_p29351_q03157_0I0610 12:53:49.278701 140076908894016 pipeline.py:166] processing P0_P29351_Q03157_0, random_seed=0
I0610 12:53:49.358631 140076908894016 pipeline.py:259] Calculating bucket size for input with 1249 tokens.
I0610 12:53:49.358704 140076908894016 pipeline.py:265] Got bucket size 1280 for input with 1249 tokens, resulting in 31 padded tokens.
I0610 12:58:51.159311 140076908894016 pipeline.py:166] processing P0_P29595_Q8VBW6_1, random_seed=0
I0610 12:58:51.209759 140076908894016 pipeline.py:259] Calculating bucket size for input with 615 tokens.
I0610 12:58:51.209846 140076908894016 pipeline.py:265] Got bucket size 768 for input with 615 tokens, resulting in 153 padded tokens.
I0610 13:00:26.454703 140076908894016 pipeline.py:166] processing P0_P29595_Q9WTX6_1, random_seed=0
I0610 13:00:26.518206 140076908894016 pipeline.py:259] Calculating bucket size for input with 857 tokens.
I0610 13:00:26.518284 140076908894016 pipeline.py:265] Got bucket size 1024 for input with 857 tokens, resulting in 167 padded tokens.
I0610 13:03:12.365516 140076908894016 pipeline.py:166] processing P0_P30280_P30285_1, random_seed=0
I0610 13:03:12.412892 140076908894016 pipeline.py:259] Calculating bucket size for input with 592 tokens.
I0610 13:03:12.412963 140076908894016 pipeline.py:265] Got bucket size 768 for input with 592 tokens, resulting in 176 padded tokens.
I0610 13:04:46.282827 140076908894016 pipeline.py:166] processing P0_P30280_Q64261_1, random_seed=0
I0610 13:04:46.333576 140076908894016 pipeline.py:259] Calculating bucket size for input with 615 tokens.
I0610 13:04:46.333659 140076908894016 pipeline.py:265] Got bucket size 768 for input with 615 tokens, resulting in 153 padded tokens.
I0610 13:06:23.148541 140076908894016 pipeline.py:166] processing P0_P30285_P25322_1, random_seed=0
I0610 13:06:23.196383 140076908894016 pipeline.py:259] Calculating bucket size for input with 598 tokens.
I0610 13:06:23.196459 140076908894016 pipeline.py:265] Got bucket size 768 for input with 598 tokens, resulting in 170 padded tokens.
I0610 13:07:57.424203 140076908894016 pipeline.py:166] processing P0_P30285_P30282_1, random_seed=0
I0610 13:07:57.472504 140076908894016 pipeline.py:259] Calculating bucket size for input with 595 tokens.
I0610 13:07:57.472613 140076908894016 pipeline.py:265] Got bucket size 768 for input with 595 tokens, resulting in 173 padded tokens.
I0610 13:09:31.429303 140076908894016 pipeline.py:166] processing P0_P30285_P51943_1, random_seed=0
I0610 13:09:31.483027 140076908894016 pipeline.py:259] Calculating bucket size for input with 725 tokens.
I0610 13:09:31.483098 140076908894016 pipeline.py:265] Got bucket size 768 for input with 725 tokens, resulting in 43 padded tokens.
I0610 13:11:27.275093 140076908894016 pipeline.py:166] processing P0_P34914_P50396_0, random_seed=0
I0610 13:11:27.345270 140076908894016 pipeline.py:259] Calculating bucket size for input with 1001 tokens.
I0610 13:11:27.345358 140076908894016 pipeline.py:265] Got bucket size 1024 for input with 1001 tokens, resulting in 23 padded tokens.

Skipping data pipeline...
Writing model input JSON to outputs/p0_p29351_q03157_0/p0_p29351_q03157_0_data.json
Predicting 3D structure for P0_P29351_Q03157_0 with 1 seed(s)...
Featurising data with 1 seed(s)...
Featurising data with seed 0.
Featurising data with seed 0 took 27.31 seconds.
Featurising data with 1 seed(s) took 27.32 seconds.
Running model inference and extracting output structure samples with 1 seed(s)...
Running model inference with seed 0...
Running model inference with seed 0 took 120.91 seconds.
Extracting inference results with seed 0...
Extracting 5 inference samples with seed 0 took 3.19 seconds.
Running model inference and extracting output structures with 1 seed(s) took 124.10 seconds.
Writing outputs with 1 seed(s)...
Fold job P0_P29351_Q03157_0 done, output written to outputs/p0_p29351_q03157_0


Running fold job P0_P29595_Q8VBW6_1...
Output will be written in outputs/p0_p29595_q8vbw6_1
Skipping data pipeline...
Writing model input JSON to outputs/p0_p29595_q8vbw6_1/p0_p29595_q8vbw6_1_data.json
Predicting 3D structure for P0_P29595_Q8VBW6_1 with 1 seed(s)...
Featurising data with 1 seed(s)...
Featurising data with seed 0.
Featurising data with seed 0 took 12.24 seconds.
Featurising data with 1 seed(s) took 12.24 seconds.
Running model inference and extracting output structure samples with 1 seed(s)...
Running model inference with seed 0...
Running model inference with seed 0 took 44.98 seconds.
Extracting inference results with seed 0...
Extracting 5 inference samples with seed 0 took 1.05 seconds.
Running model inference and extracting output structures with 1 seed(s) took 46.03 seconds.
Writing outputs with 1 seed(s)...
Fold job P0_P29595_Q8VBW6_1 done, output written to outputs/p0_p29595_q8vbw6_1


Running fold job P0_P29595_Q9WTX6_1...
Output will be written in outputs/p0_p29595_q9wtx6_1
Skipping data pipeline...
Writing model input JSON to outputs/p0_p29595_q9wtx6_1/p0_p29595_q9wtx6_1_data.json
Predicting 3D structure for P0_P29595_Q9WTX6_1 with 1 seed(s)...
Featurising data with 1 seed(s)...
Featurising data with seed 0.
Featurising data with seed 0 took 18.07 seconds.
Featurising data with 1 seed(s) took 18.07 seconds.
Running model inference and extracting output structure samples with 1 seed(s)...
Running model inference with seed 0...
Running model inference with seed 0 took 74.85 seconds.
Extracting inference results with seed 0...
Extracting 5 inference samples with seed 0 took 1.58 seconds.
Running model inference and extracting output structures with 1 seed(s) took 76.43 seconds.
Writing outputs with 1 seed(s)...
Fold job P0_P29595_Q9WTX6_1 done, output written to outputs/p0_p29595_q9wtx6_1


Running fold job P0_P30280_P30285_1...
Output will be written in outputs/p0_p30280_p30285_1
Skipping data pipeline...
Writing model input JSON to outputs/p0_p30280_p30285_1/p0_p30280_p30285_1_data.json
Predicting 3D structure for P0_P30280_P30285_1 with 1 seed(s)...
Featurising data with 1 seed(s)...
Featurising data with seed 0.
Featurising data with seed 0 took 13.26 seconds.
Featurising data with 1 seed(s) took 13.26 seconds.
Running model inference and extracting output structure samples with 1 seed(s)...
Running model inference with seed 0...
Running model inference with seed 0 took 44.90 seconds.
Extracting inference results with seed 0...
Extracting 5 inference samples with seed 0 took 0.99 seconds.
Running model inference and extracting output structures with 1 seed(s) took 45.90 seconds.
Writing outputs with 1 seed(s)...
Fold job P0_P30280_P30285_1 done, output written to outputs/p0_p30280_p30285_1


Running fold job P0_P30280_Q64261_1...
Output will be written in outputs/p0_p30280_q64261_1
Skipping data pipeline...
Writing model input JSON to outputs/p0_p30280_q64261_1/p0_p30280_q64261_1_data.json
Predicting 3D structure for P0_P30280_Q64261_1 with 1 seed(s)...
Featurising data with 1 seed(s)...
Featurising data with seed 0.
Featurising data with seed 0 took 13.52 seconds.
Featurising data with 1 seed(s) took 13.52 seconds.
Running model inference and extracting output structure samples with 1 seed(s)...
Running model inference with seed 0...
Running model inference with seed 0 took 45.07 seconds.
Extracting inference results with seed 0...
Extracting 5 inference samples with seed 0 took 1.04 seconds.
Running model inference and extracting output structures with 1 seed(s) took 46.10 seconds.
Writing outputs with 1 seed(s)...
Fold job P0_P30280_Q64261_1 done, output written to outputs/p0_p30280_q64261_1


Running fold job P0_P30285_P25322_1...
Output will be written in outputs/p0_p30285_p25322_1
Skipping data pipeline...
Writing model input JSON to outputs/p0_p30285_p25322_1/p0_p30285_p25322_1_data.json
Predicting 3D structure for P0_P30285_P25322_1 with 1 seed(s)...
Featurising data with 1 seed(s)...
Featurising data with seed 0.
Featurising data with seed 0 took 13.25 seconds.
Featurising data with 1 seed(s) took 13.26 seconds.
Running model inference and extracting output structure samples with 1 seed(s)...
Running model inference with seed 0...
Running model inference with seed 0 took 45.06 seconds.
Extracting inference results with seed 0...
Extracting 5 inference samples with seed 0 took 1.01 seconds.
Running model inference and extracting output structures with 1 seed(s) took 46.07 seconds.
Writing outputs with 1 seed(s)...
Fold job P0_P30285_P25322_1 done, output written to outputs/p0_p30285_p25322_1


Running fold job P0_P30285_P30282_1...
Output will be written in outputs/p0_p30285_p30282_1
Skipping data pipeline...
Writing model input JSON to outputs/p0_p30285_p30282_1/p0_p30285_p30282_1_data.json
Predicting 3D structure for P0_P30285_P30282_1 with 1 seed(s)...
Featurising data with 1 seed(s)...
Featurising data with seed 0.
Featurising data with seed 0 took 12.63 seconds.
Featurising data with 1 seed(s) took 12.63 seconds.
Running model inference and extracting output structure samples with 1 seed(s)...
Running model inference with seed 0...
Running model inference with seed 0 took 45.03 seconds.
Extracting inference results with seed 0...
Extracting 5 inference samples with seed 0 took 1.00 seconds.
Running model inference and extracting output structures with 1 seed(s) took 46.03 seconds.
Writing outputs with 1 seed(s)...
Fold job P0_P30285_P30282_1 done, output written to outputs/p0_p30285_p30282_1


Running fold job P0_P30285_P51943_1...
Output will be written in outputs/p0_p30285_p51943_1
Skipping data pipeline...
Writing model input JSON to outputs/p0_p30285_p51943_1/p0_p30285_p51943_1_data.json
Predicting 3D structure for P0_P30285_P51943_1 with 1 seed(s)...
Featurising data with 1 seed(s)...
Featurising data with seed 0.
Featurising data with seed 0 took 17.72 seconds.
Featurising data with 1 seed(s) took 17.72 seconds.
Running model inference and extracting output structure samples with 1 seed(s)...
Running model inference with seed 0...
Running model inference with seed 0 took 45.27 seconds.
Extracting inference results with seed 0...
Extracting 5 inference samples with seed 0 took 1.23 seconds.
Running model inference and extracting output structures with 1 seed(s) took 46.50 seconds.
Writing outputs with 1 seed(s)...
Fold job P0_P30285_P51943_1 done, output written to outputs/p0_p30285_p51943_1


Running fold job P0_P34914_P50396_0...
Output will be written in outputs/p0_p34914_p50396_0
Skipping data pipeline...
Writing model input JSON to outputs/p0_p34914_p50396_0/p0_p34914_p50396_0_data.json
Predicting 3D structure for P0_P34914_P50396_0 with 1 seed(s)...
Featurising data with 1 seed(s)...
Featurising data with seed 0.
Featurising data with seed 0 took 21.56 seconds.
Featurising data with 1 seed(s) took 21.57 seconds.
Running model inference and extracting output structure samples with 1 seed(s)...
Running model inference with seed 0...
Running model inference with seed 0 took 75.13 seconds.
Extracting inference results with seed 0...
Extracting 5 inference samples with seed 0 took 1.91 seconds.
Running model inference and extracting output structures with 1 seed(s) took 77.03 seconds.
Writing outputs with 1 seed(s)...
Fold job P0_P34914_P50396_0 done, output written to outputs/p0_p34914_p50396_0
I0610 13:14:42.451383 140076908894016 pipeline.py:166] processing P0_P34914_P55258_0, random_seed=0
I0610 13:14:42.509380 140076908894016 pipeline.py:259] Calculating bucket size for input with 761 tokens.
I0610 13:14:42.509475 140076908894016 pipeline.py:265] Got bucket size 768 for input with 761 tokens, resulting in 7 padded tokens.
I0610 13:16:42.900415 140076908894016 pipeline.py:166] processing P0_P34914_Q03157_0, random_seed=0
I0610 13:16:42.980925 140076908894016 pipeline.py:259] Calculating bucket size for input with 1208 tokens.
I0610 13:16:42.980998 140076908894016 pipeline.py:265] Got bucket size 1280 for input with 1208 tokens, resulting in 72 padded tokens.
I0610 13:21:29.120707 140076908894016 pipeline.py:166] processing P0_P34914_Q80Y56_0, random_seed=0
I0610 13:21:29.205030 140076908894016 pipeline.py:259] Calculating bucket size for input with 1337 tokens.
I0610 13:21:29.205114 140076908894016 pipeline.py:265] Got bucket size 1536 for input with 1337 tokens, resulting in 199 padded tokens.
I0610 13:27:46.152162 140076908894016 pipeline.py:166] processing P0_P34914_Q8BKC8_0, random_seed=0
I0610 13:27:46.243939 140076908894016 pipeline.py:259] Calculating bucket size for input with 1370 tokens.
I0610 13:27:46.244031 140076908894016 pipeline.py:265] Got bucket size 1536 for input with 1370 tokens, resulting in 166 padded tokens.
I0610 13:34:13.451464 140076908894016 pipeline.py:166] processing P0_P34914_Q9CQ71_0, random_seed=0
I0610 13:34:13.505277 140076908894016 pipeline.py:259] Calculating bucket size for input with 675 tokens.
I0610 13:34:13.505387 140076908894016 pipeline.py:265] Got bucket size 768 for input with 675 tokens, resulting in 93 padded tokens.
I0610 13:35:58.020673 140076908894016 pipeline.py:166] processing P0_P34914_Q9JM05_0, random_seed=0
I0610 13:35:58.095881 140076908894016 pipeline.py:259] Calculating bucket size for input with 1061 tokens.
I0610 13:35:58.095955 140076908894016 pipeline.py:265] Got bucket size 1280 for input with 1061 tokens, resulting in 219 padded tokens.
I0610 13:40:10.323561 140076908894016 pipeline.py:166] processing P0_P35123_P50396_0, random_seed=0
I0610 13:40:10.456785 140076908894016 pipeline.py:259] Calculating bucket size for input with 1409 tokens.
I0610 13:40:10.456948 140076908894016 pipeline.py:265] Got bucket size 1536 for input with 1409 tokens, resulting in 127 padded tokens.
I0610 13:47:09.360690 140076908894016 pipeline.py:166] processing P0_P35123_P55258_0, random_seed=0
I0610 13:47:09.442482 140076908894016 pipeline.py:259] Calculating bucket size for input with 1169 tokens.
I0610 13:47:09.442673 140076908894016 pipeline.py:265] Got bucket size 1280 for input with 1169 tokens, resulting in 111 padded tokens.
I0610 13:52:04.612028 140076908894016 pipeline.py:166] processing P0_P35123_Q9D2Y9_0, random_seed=0
I0610 13:52:04.695141 140076908894016 pipeline.py:259] Calculating bucket size for input with 1243 tokens.
I0610 13:52:04.695244 140076908894016 pipeline.py:265] Got bucket size 1280 for input with 1243 tokens, resulting in 37 padded tokens.


Running fold job P0_P34914_P55258_0...
Output will be written in outputs/p0_p34914_p55258_0
Skipping data pipeline...
Writing model input JSON to outputs/p0_p34914_p55258_0/p0_p34914_p55258_0_data.json
Predicting 3D structure for P0_P34914_P55258_0 with 1 seed(s)...
Featurising data with 1 seed(s)...
Featurising data with seed 0.
Featurising data with seed 0 took 17.81 seconds.
Featurising data with 1 seed(s) took 17.81 seconds.
Running model inference and extracting output structure samples with 1 seed(s)...
Running model inference with seed 0...
Running model inference with seed 0 took 45.12 seconds.
Extracting inference results with seed 0...
Extracting 5 inference samples with seed 0 took 1.32 seconds.
Running model inference and extracting output structures with 1 seed(s) took 46.44 seconds.
Writing outputs with 1 seed(s)...
Fold job P0_P34914_P55258_0 done, output written to outputs/p0_p34914_p55258_0


Running fold job P0_P34914_Q03157_0...
Output will be written in outputs/p0_p34914_q03157_0
Skipping data pipeline...
Writing model input JSON to outputs/p0_p34914_q03157_0/p0_p34914_q03157_0_data.json
Predicting 3D structure for P0_P34914_Q03157_0 with 1 seed(s)...
Featurising data with 1 seed(s)...
Featurising data with seed 0.
Featurising data with seed 0 took 22.01 seconds.
Featurising data with 1 seed(s) took 22.01 seconds.
Running model inference and extracting output structure samples with 1 seed(s)...
Running model inference with seed 0...
Running model inference with seed 0 took 121.28 seconds.
Extracting inference results with seed 0...
Extracting 5 inference samples with seed 0 took 3.13 seconds.
Running model inference and extracting output structures with 1 seed(s) took 124.41 seconds.
Writing outputs with 1 seed(s)...
Fold job P0_P34914_Q03157_0 done, output written to outputs/p0_p34914_q03157_0


Running fold job P0_P34914_Q80Y56_0...
Output will be written in outputs/p0_p34914_q80y56_0
Skipping data pipeline...
Writing model input JSON to outputs/p0_p34914_q80y56_0/p0_p34914_q80y56_0_data.json
Predicting 3D structure for P0_P34914_Q80Y56_0 with 1 seed(s)...
Featurising data with 1 seed(s)...
Featurising data with seed 0.
Featurising data with seed 0 took 28.30 seconds.
Featurising data with 1 seed(s) took 28.30 seconds.
Running model inference and extracting output structure samples with 1 seed(s)...
Running model inference with seed 0...
Running model inference with seed 0 took 173.49 seconds.
Extracting inference results with seed 0...
Extracting 5 inference samples with seed 0 took 2.86 seconds.
Running model inference and extracting output structures with 1 seed(s) took 176.35 seconds.
Writing outputs with 1 seed(s)...
Fold job P0_P34914_Q80Y56_0 done, output written to outputs/p0_p34914_q80y56_0


Running fold job P0_P34914_Q8BKC8_0...
Output will be written in outputs/p0_p34914_q8bkc8_0
Skipping data pipeline...
Writing model input JSON to outputs/p0_p34914_q8bkc8_0/p0_p34914_q8bkc8_0_data.json
Predicting 3D structure for P0_P34914_Q8BKC8_0 with 1 seed(s)...
Featurising data with 1 seed(s)...
Featurising data with seed 0.
Featurising data with seed 0 took 29.31 seconds.
Featurising data with 1 seed(s) took 29.31 seconds.
Running model inference and extracting output structure samples with 1 seed(s)...
Running model inference with seed 0...
Running model inference with seed 0 took 173.57 seconds.
Extracting inference results with seed 0...
Extracting 5 inference samples with seed 0 took 2.98 seconds.
Running model inference and extracting output structures with 1 seed(s) took 176.54 seconds.
Writing outputs with 1 seed(s)...
Fold job P0_P34914_Q8BKC8_0 done, output written to outputs/p0_p34914_q8bkc8_0


Running fold job P0_P34914_Q9CQ71_0...
Output will be written in outputs/p0_p34914_q9cq71_0
Skipping data pipeline...
Writing model input JSON to outputs/p0_p34914_q9cq71_0/p0_p34914_q9cq71_0_data.json
Predicting 3D structure for P0_P34914_Q9CQ71_0 with 1 seed(s)...
Featurising data with 1 seed(s)...
Featurising data with seed 0.
Featurising data with seed 0 took 14.52 seconds.
Featurising data with 1 seed(s) took 14.52 seconds.
Running model inference and extracting output structure samples with 1 seed(s)...
Running model inference with seed 0...
Running model inference with seed 0 took 44.88 seconds.
Extracting inference results with seed 0...
Extracting 5 inference samples with seed 0 took 1.16 seconds.
Running model inference and extracting output structures with 1 seed(s) took 46.04 seconds.
Writing outputs with 1 seed(s)...
Fold job P0_P34914_Q9CQ71_0 done, output written to outputs/p0_p34914_q9cq71_0


Running fold job P0_P34914_Q9JM05_0...
Output will be written in outputs/p0_p34914_q9jm05_0
Skipping data pipeline...
Writing model input JSON to outputs/p0_p34914_q9jm05_0/p0_p34914_q9jm05_0_data.json
Predicting 3D structure for P0_P34914_Q9JM05_0 with 1 seed(s)...
Featurising data with 1 seed(s)...
Featurising data with seed 0.
Featurising data with seed 0 took 20.74 seconds.
Featurising data with 1 seed(s) took 20.74 seconds.
Running model inference and extracting output structure samples with 1 seed(s)...
Running model inference with seed 0...
Running model inference with seed 0 took 119.99 seconds.
Extracting inference results with seed 0...
Extracting 5 inference samples with seed 0 took 2.00 seconds.
Running model inference and extracting output structures with 1 seed(s) took 121.99 seconds.
Writing outputs with 1 seed(s)...
Fold job P0_P34914_Q9JM05_0 done, output written to outputs/p0_p34914_q9jm05_0


Running fold job P0_P35123_P50396_0...
Output will be written in outputs/p0_p35123_p50396_0
Skipping data pipeline...
Writing model input JSON to outputs/p0_p35123_p50396_0/p0_p35123_p50396_0_data.json
Predicting 3D structure for P0_P35123_P50396_0 with 1 seed(s)...
Featurising data with 1 seed(s)...
Featurising data with seed 0.
Featurising data with seed 0 took 40.68 seconds.
Featurising data with 1 seed(s) took 40.69 seconds.
Running model inference and extracting output structure samples with 1 seed(s)...
Running model inference with seed 0...
Running model inference with seed 0 took 173.23 seconds.
Extracting inference results with seed 0...
Extracting 5 inference samples with seed 0 took 3.19 seconds.
Running model inference and extracting output structures with 1 seed(s) took 176.42 seconds.
Writing outputs with 1 seed(s)...
Fold job P0_P35123_P50396_0 done, output written to outputs/p0_p35123_p50396_0


Running fold job P0_P35123_P55258_0...
Output will be written in outputs/p0_p35123_p55258_0
Skipping data pipeline...
Writing model input JSON to outputs/p0_p35123_p55258_0/p0_p35123_p55258_0_data.json
Predicting 3D structure for P0_P35123_P55258_0 with 1 seed(s)...
Featurising data with 1 seed(s)...
Featurising data with seed 0.
Featurising data with seed 0 took 36.41 seconds.
Featurising data with 1 seed(s) took 36.41 seconds.
Running model inference and extracting output structure samples with 1 seed(s)...
Running model inference with seed 0...
Running model inference with seed 0 took 119.76 seconds.
Extracting inference results with seed 0...
Extracting 5 inference samples with seed 0 took 2.52 seconds.
Running model inference and extracting output structures with 1 seed(s) took 122.29 seconds.
Writing outputs with 1 seed(s)...
Fold job P0_P35123_P55258_0 done, output written to outputs/p0_p35123_p55258_0


Running fold job P0_P35123_Q9D2Y9_0...
Output will be written in outputs/p0_p35123_q9d2y9_0
Skipping data pipeline...
Writing model input JSON to outputs/p0_p35123_q9d2y9_0/p0_p35123_q9d2y9_0_data.json
Predicting 3D structure for P0_P35123_Q9D2Y9_0 with 1 seed(s)...
Featurising data with 1 seed(s)...
Featurising data with seed 0.
Featurising data with seed 0 took 37.70 seconds.
Featurising data with 1 seed(s) took 37.70 seconds.
Running model inference and extracting output structure samples with 1 seed(s)...
Running model inference with seed 0...
Running model inference with seed 0 took 120.11 seconds.
Extracting inference results with seed 0...
Extracting 5 inference samples with seed 0 took 3.58 seconds.
Running model inference and extracting output structures with 1 seed(s) took 123.70 seconds.I0610 13:57:17.432690 140076908894016 pipeline.py:166] processing P0_P35456_P06869_1, random_seed=0
I0610 13:57:17.496239 140076908894016 pipeline.py:259] Calculating bucket size for input with 760 tokens.
I0610 13:57:17.496373 140076908894016 pipeline.py:265] Got bucket size 768 for input with 760 tokens, resulting in 8 padded tokens.
I0610 13:59:18.709465 140076908894016 pipeline.py:166] processing P0_P35601_Q9CQ71_0, random_seed=0
I0610 13:59:18.910926 140076908894016 pipeline.py:259] Calculating bucket size for input with 1252 tokens.
I0610 13:59:18.911172 140076908894016 pipeline.py:265] Got bucket size 1280 for input with 1252 tokens, resulting in 28 padded tokens.
I0610 14:04:33.098671 140076908894016 pipeline.py:166] processing P0_P37040_P14901_1, random_seed=0
I0610 14:04:33.169010 140076908894016 pipeline.py:259] Calculating bucket size for input with 967 tokens.
I0610 14:04:33.169153 140076908894016 pipeline.py:265] Got bucket size 1024 for input with 967 tokens, resulting in 57 padded tokens.
I0610 14:07:43.742548 140076908894016 pipeline.py:166] processing P0_P37040_Q3TLD5_0, random_seed=0
I0610 14:07:43.825665 140076908894016 pipeline.py:259] Calculating bucket size for input with 1209 tokens.
I0610 14:07:43.825766 140076908894016 pipeline.py:265] Got bucket size 1280 for input with 1209 tokens, resulting in 71 padded tokens.
I0610 14:12:36.276031 140076908894016 pipeline.py:166] processing P0_P37040_Q8K2Q9_0, random_seed=0
I0610 14:12:36.357004 140076908894016 pipeline.py:259] Calculating bucket size for input with 1309 tokens.
I0610 14:12:36.357098 140076908894016 pipeline.py:265] Got bucket size 1536 for input with 1309 tokens, resulting in 227 padded tokens.
I0610 14:18:50.424386 140076908894016 pipeline.py:166] processing P0_P37238_O70343_1, random_seed=0
I0610 14:18:50.513574 140076908894016 pipeline.py:259] Calculating bucket size for input with 1302 tokens.
I0610 14:18:50.513683 140076908894016 pipeline.py:265] Got bucket size 1536 for input with 1302 tokens, resulting in 234 padded tokens.
I0610 14:24:59.811792 140076908894016 pipeline.py:166] processing P0_P37238_P28700_1, random_seed=0
I0610 14:24:59.883900 140076908894016 pipeline.py:259] Calculating bucket size for input with 972 tokens.
I0610 14:24:59.884032 140076908894016 pipeline.py:265] Got bucket size 1024 for input with 972 tokens, resulting in 52 padded tokens.
I0610 14:28:12.597641 140076908894016 pipeline.py:166] processing P0_P42582_Q60929_1, random_seed=0
I0610 14:28:12.657625 140076908894016 pipeline.py:259] Calculating bucket size for input with 816 tokens.
I0610 14:28:12.657716 140076908894016 pipeline.py:265] Got bucket size 1024 for input with 816 tokens, resulting in 208 padded tokens.
I0610 14:30:55.985154 140076908894016 pipeline.py:166] processing P0_P46467_P50396_0, random_seed=0
I0610 14:30:56.050659 140076908894016 pipeline.py:259] Calculating bucket size for input with 891 tokens.
I0610 14:30:56.050794 140076908894016 pipeline.py:265] Got bucket size 1024 for input with 891 tokens, resulting in 133 padded tokens.

Writing outputs with 1 seed(s)...
Fold job P0_P35123_Q9D2Y9_0 done, output written to outputs/p0_p35123_q9d2y9_0


Running fold job P0_P35456_P06869_1...
Output will be written in outputs/p0_p35456_p06869_1
Skipping data pipeline...
Writing model input JSON to outputs/p0_p35456_p06869_1/p0_p35456_p06869_1_data.json
Predicting 3D structure for P0_P35456_P06869_1 with 1 seed(s)...
Featurising data with 1 seed(s)...
Featurising data with seed 0.
Featurising data with seed 0 took 16.39 seconds.
Featurising data with 1 seed(s) took 16.39 seconds.
Running model inference and extracting output structure samples with 1 seed(s)...
Running model inference with seed 0...
Running model inference with seed 0 took 44.97 seconds.
Extracting inference results with seed 0...
Extracting 5 inference samples with seed 0 took 1.28 seconds.
Running model inference and extracting output structures with 1 seed(s) took 46.24 seconds.
Writing outputs with 1 seed(s)...
Fold job P0_P35456_P06869_1 done, output written to outputs/p0_p35456_p06869_1


Running fold job P0_P35601_Q9CQ71_0...
Output will be written in outputs/p0_p35601_q9cq71_0
Skipping data pipeline...
Writing model input JSON to outputs/p0_p35601_q9cq71_0/p0_p35601_q9cq71_0_data.json
Predicting 3D structure for P0_P35601_Q9CQ71_0 with 1 seed(s)...
Featurising data with 1 seed(s)...
Featurising data with seed 0.
Featurising data with seed 0 took 34.68 seconds.
Featurising data with 1 seed(s) took 34.69 seconds.
Running model inference and extracting output structure samples with 1 seed(s)...
Running model inference with seed 0...
Running model inference with seed 0 took 120.32 seconds.
Extracting inference results with seed 0...
Extracting 5 inference samples with seed 0 took 2.68 seconds.
Running model inference and extracting output structures with 1 seed(s) took 123.00 seconds.
Writing outputs with 1 seed(s)...
Fold job P0_P35601_Q9CQ71_0 done, output written to outputs/p0_p35601_q9cq71_0


Running fold job P0_P37040_P14901_1...
Output will be written in outputs/p0_p37040_p14901_1
Skipping data pipeline...
Writing model input JSON to outputs/p0_p37040_p14901_1/p0_p37040_p14901_1_data.json
Predicting 3D structure for P0_P37040_P14901_1 with 1 seed(s)...
Featurising data with 1 seed(s)...
Featurising data with seed 0.
Featurising data with seed 0 took 22.06 seconds.
Featurising data with 1 seed(s) took 22.06 seconds.
Running model inference and extracting output structure samples with 1 seed(s)...
Running model inference with seed 0...
Running model inference with seed 0 took 74.65 seconds.
Extracting inference results with seed 0...
Extracting 5 inference samples with seed 0 took 1.78 seconds.
Running model inference and extracting output structures with 1 seed(s) took 76.43 seconds.
Writing outputs with 1 seed(s)...
Fold job P0_P37040_P14901_1 done, output written to outputs/p0_p37040_p14901_1


Running fold job P0_P37040_Q3TLD5_0...
Output will be written in outputs/p0_p37040_q3tld5_0
Skipping data pipeline...
Writing model input JSON to outputs/p0_p37040_q3tld5_0/p0_p37040_q3tld5_0_data.json
Predicting 3D structure for P0_P37040_Q3TLD5_0 with 1 seed(s)...
Featurising data with 1 seed(s)...
Featurising data with seed 0.
Featurising data with seed 0 took 23.86 seconds.
Featurising data with 1 seed(s) took 23.86 seconds.
Running model inference and extracting output structure samples with 1 seed(s)...
Running model inference with seed 0...
Running model inference with seed 0 took 120.09 seconds.
Extracting inference results with seed 0...
Extracting 5 inference samples with seed 0 took 2.42 seconds.
Running model inference and extracting output structures with 1 seed(s) took 122.51 seconds.
Writing outputs with 1 seed(s)...
Fold job P0_P37040_Q3TLD5_0 done, output written to outputs/p0_p37040_q3tld5_0


Running fold job P0_P37040_Q8K2Q9_0...
Output will be written in outputs/p0_p37040_q8k2q9_0
Skipping data pipeline...
Writing model input JSON to outputs/p0_p37040_q8k2q9_0/p0_p37040_q8k2q9_0_data.json
Predicting 3D structure for P0_P37040_Q8K2Q9_0 with 1 seed(s)...
Featurising data with 1 seed(s)...
Featurising data with seed 0.
Featurising data with seed 0 took 26.68 seconds.
Featurising data with 1 seed(s) took 26.68 seconds.
Running model inference and extracting output structure samples with 1 seed(s)...
Running model inference with seed 0...
Running model inference with seed 0 took 172.74 seconds.
Extracting inference results with seed 0...
Extracting 5 inference samples with seed 0 took 2.68 seconds.
Running model inference and extracting output structures with 1 seed(s) took 175.42 seconds.
Writing outputs with 1 seed(s)...
Fold job P0_P37040_Q8K2Q9_0 done, output written to outputs/p0_p37040_q8k2q9_0


Running fold job P0_P37238_O70343_1...
Output will be written in outputs/p0_p37238_o70343_1
Skipping data pipeline...
Writing model input JSON to outputs/p0_p37238_o70343_1/p0_p37238_o70343_1_data.json
Predicting 3D structure for P0_P37238_O70343_1 with 1 seed(s)...
Featurising data with 1 seed(s)...
Featurising data with seed 0.
Featurising data with seed 0 took 27.63 seconds.
Featurising data with 1 seed(s) took 27.63 seconds.
Running model inference and extracting output structure samples with 1 seed(s)...
Running model inference with seed 0...
Running model inference with seed 0 took 172.58 seconds.
Extracting inference results with seed 0...
Extracting 5 inference samples with seed 0 took 3.39 seconds.
Running model inference and extracting output structures with 1 seed(s) took 175.97 seconds.
Writing outputs with 1 seed(s)...
Fold job P0_P37238_O70343_1 done, output written to outputs/p0_p37238_o70343_1


Running fold job P0_P37238_P28700_1...
Output will be written in outputs/p0_p37238_p28700_1
Skipping data pipeline...
Writing model input JSON to outputs/p0_p37238_p28700_1/p0_p37238_p28700_1_data.json
Predicting 3D structure for P0_P37238_P28700_1 with 1 seed(s)...
Featurising data with 1 seed(s)...
Featurising data with seed 0.
Featurising data with seed 0 took 21.63 seconds.
Featurising data with 1 seed(s) took 21.63 seconds.
Running model inference and extracting output structure samples with 1 seed(s)...
Running model inference with seed 0...
Running model inference with seed 0 took 74.58 seconds.
Extracting inference results with seed 0...
Extracting 5 inference samples with seed 0 took 1.88 seconds.
Running model inference and extracting output structures with 1 seed(s) took 76.46 seconds.
Writing outputs with 1 seed(s)...
Fold job P0_P37238_P28700_1 done, output written to outputs/p0_p37238_p28700_1


Running fold job P0_P42582_Q60929_1...
Output will be written in outputs/p0_p42582_q60929_1
Skipping data pipeline...
Writing model input JSON to outputs/p0_p42582_q60929_1/p0_p42582_q60929_1_data.json
Predicting 3D structure for P0_P42582_Q60929_1 with 1 seed(s)...
Featurising data with 1 seed(s)...
Featurising data with seed 0.
Featurising data with seed 0 took 18.49 seconds.
Featurising data with 1 seed(s) took 18.49 seconds.
Running model inference and extracting output structure samples with 1 seed(s)...
Running model inference with seed 0...
Running model inference with seed 0 took 74.35 seconds.
Extracting inference results with seed 0...
Extracting 5 inference samples with seed 0 took 1.38 seconds.
Running model inference and extracting output structures with 1 seed(s) took 75.73 seconds.
Writing outputs with 1 seed(s)...
Fold job P0_P42582_Q60929_1 done, output written to outputs/p0_p42582_q60929_1


Running fold job P0_P46467_P50396_0...
Output will be written in outputs/p0_p46467_p50396_0
Skipping data pipeline...
Writing model input JSON to outputs/p0_p46467_p50396_0/p0_p46467_p50396_0_data.json
Predicting 3D structure for P0_P46467_P50396_0 with 1 seed(s)...
Featurising data with 1 seed(s)...
Featurising data with seed 0.
Featurising data with seed 0 took 24.08 seconds.
Featurising data with 1 seed(s) took 24.08 seconds.
Running model inference and extracting output structure samples with 1 seed(s)...
Running model inference with seed 0...
Running model inference with seed 0 took 74.72 seconds.
Extracting inference results with seed 0...
Extracting 5 inference samples with seed 0 took 1.57 seconds.I0610 14:33:53.767174 140076908894016 pipeline.py:166] processing P0_P46467_P55258_0, random_seed=0
I0610 14:33:53.810872 140076908894016 pipeline.py:259] Calculating bucket size for input with 651 tokens.
I0610 14:33:53.810977 140076908894016 pipeline.py:265] Got bucket size 768 for input with 651 tokens, resulting in 117 padded tokens.
I0610 14:35:44.064851 140076908894016 pipeline.py:166] processing P0_P46467_Q03157_0, random_seed=0
I0610 14:35:44.141245 140076908894016 pipeline.py:259] Calculating bucket size for input with 1098 tokens.
I0610 14:35:44.141360 140076908894016 pipeline.py:265] Got bucket size 1280 for input with 1098 tokens, resulting in 182 padded tokens.
